[2026-03-17 19:39:35] To: 0536282694 | Message: Welcome to INFOTESS! Reg successful. Index: 5230100410. Your password is: V3lxmP. Please login and change it. | API Response: {"status":"ACCEPTD","message":"Message Accepted For Processing"} | Curl Error: 
[2026-03-17 20:08:20] To: 0536282694 | Message: Hello Benard Mensah, your payment of GHS 150.00 for 2025/2026 1 has been received. Receipt #: SDMS-2026-0002. Thank you. | API Response: {"status":"ACCEPTD","message":"Message Accepted For Processing"} | Curl Error: 
[2026-03-17 21:09:55] To: 0536282694 | Message: hi | API Response: {"status":"ACCEPTD","message":"Message Accepted For Processing"} | Curl Error: 
[2026-03-17 21:13:26] To: 0536282694 | Message: hi | API Response: {"status":"ACCEPTD","message":"Message Accepted For Processing"} | Curl Error: 
[2026-03-17 23:45:59] To: 0536282694 | Message: Hello Benard Mensah, your payment of GHS 150.00 for 2025/2026 1 has been received. Receipt #: SDMS-2026-0001. Thank you. | API Response: {"status":"ACCEPTD","message":"Message Accepted For Processing"} | Curl Error: 
[2026-03-17 23:49:11] To: 0536282694 | Message: Hello Ben Anan, your payment of GHS 100.00 for 2025/2026 1 has been received. Receipt #: SDMS-2026-0005. Thank you. | API Response: {"status":"ACCEPTD","message":"Message Accepted For Processing"} | Curl Error: 
[2026-03-17 23:53:02] To: 0536282694 | Message: Welcome to INFOTESS! Reg successful. Index: 5230100409. Your password is: PSQ1wE. Please login and change it. | API Response: {"status":"ACCEPTD","message":"Message Accepted For Processing"} | Curl Error: 
[2026-03-18 00:12:28] To: 0536282694 | Message: how: are you testing | API Response: {"status":"ACCEPTD","message":"Message Accepted For Processing"} | Curl Error: 
[2026-03-18 00:12:29] To: 0536282694 | Message: how: are you testing | API Response: {"status":"ACCEPTD","message":"Message Accepted For Processing"} | Curl Error: 
[2026-03-18 00:12:30] To: 0536282694 | Message: how: are you testing | API Response: {"status":"ACCEPTD","message":"Message Accepted For Processing"} | Curl Error: 
[2026-03-18 16:38:53] To: 0536282694 | Message: Hello Rose, your payment of GHS 120.00 for 2025/2026 1 has been received. Receipt #: SDMS-2026-0006. Thank you. | API Response: {"status":"ACCEPTD","message":"Message Accepted For Processing"} | Curl Error: 
[2026-03-18 16:53:50] To: 0536282694 | Message: Hello Rose, your payment of GHS 50.00 for 2025/2026 1 has been received. Receipt #: SDMS-2026-0007. Thank you. | API Response: {"status":"ACCEPTD","message":"Message Accepted For Processing"} | Curl Error: 
[2026-03-18 16:57:36] To: 0536282694 | Message: Hello Rose, your payment of GHS 20.00 for 2025/2026 1 has been received. Receipt #: SDMS-2026-0008. Thank you. | API Response: {"status":"ACCEPTD","message":"Message Accepted For Processing"} | Curl Error: 
[2026-03-18 17:04:45] To: 0536282694 | Message: Hello Rose, your payment of GHS 10.00 for 2025/2026 1 has been received. Receipt #: SDMS-2026-0009. Thank you. | API Response: {"status":"ACCEPTD","message":"Message Accepted For Processing"} | Curl Error: 
[2026-03-18 17:12:17] To: 0536282694 | Message: Hello Ben Anan, your payment of GHS 40.00 for 2025/2026 1 has been received. Receipt #: SDMS-2026-0010. Thank you. | API Response: {"status":"ACCEPTD","message":"Message Accepted For Processing"} | Curl Error: 
[2026-03-18 19:19:54] To: 0536282694 | Message: Hello Ben Anan, your payment of GHS 20.00 for 2025/2026 1 has been received. Receipt #: SDMS-2026-0011. Thank you. | API Response: {"status":"ACCEPTD","message":"Message Accepted For Processing"} | Curl Error: 
[2026-03-18 19:29:55] To: 0536282694 | Message: Hello Ben Anan, your payment of GHS 10.00 for 2025/2026 1 has been received. Receipt #: SDMS-2026-0012. Thank you. | API Response: {"status":"ACCEPTD","message":"Message Accepted For Processing"} | Curl Error: 
[2026-03-18 19:42:16] To: 0536282694 | Message: Hello Ben Anan, your payment of GHS 10.00 for 2025/2026 1 has been received. Receipt #: SDMS-2026-0013. Thank you. | API Response: {"status":"ACCEPTD","message":"Message Accepted For Processing"} | Curl Error: 
[2026-03-18 19:45:18] To: 0536282694 | Message: Hello Ben Anan, your payment of GHS 10.00 for 2025/2026 1 has been received. Receipt #: SDMS-2026-0014. Thank you. | API Response: {"status":"ACCEPTD","message":"Message Accepted For Processing"} | Curl Error: 
[2026-03-18 19:57:58] To: 0536282694 | Message: Hello Ben Anan, your payment of GHS 10.00 for 2025/2026 1 has been received. Receipt #: INFO-2603-2658. Thank you. | API Response: {"status":"ACCEPTD","message":"Message Accepted For Processing"} | Curl Error: 
[2026-03-18 19:58:19] To: 0536282694 | Message: Hello Ben Anan, your payment of GHS 10.00 for 2025/2026 1 has been received. Receipt #: INFO-2603-2277. Thank you. | API Response: {"status":"ACCEPTD","message":"Message Accepted For Processing"} | Curl Error: 
[2026-03-19 06:30:35] To: 0536282694 | Message: Welcome to INFOTESS! Reg successful. Index: 5230100401. Your password is: 7ykrQx. Please login and change it. | API Response: {"status":"FAILED","message":"BALANCE_NOT_ENOUGH"} | Curl Error: 
[2026-03-19 06:45:40] To: 0536282694 | Message: Welcome to INFOTESS! Reg successful. Index: 5230100401. Your password is: a2M8wE. Please login and change it. | API Response: {"status":"ACCEPTD","message":"Message Accepted For Processing"} | Curl Error: 
[2026-03-19 06:51:43] To: 0536282694 | Message: Hello Owusu Woahene, your INFOTESS SDMS password has been successfully reset. You can now use your new password to login. Thank you. | API Response: {"status":"ACCEPTD","message":"Message Accepted For Processing"} | Curl Error: 
